<?xml version="1.0" encoding="UTF-8"?>
<testng-results skipped="0" failed="0" total="1" passed="1">
  <reporter-output>
  </reporter-output>
  <suite name="Default suite" duration-ms="57413" started-at="2017-08-24T06:07:28Z" finished-at="2017-08-24T06:08:25Z">
    <groups>
    </groups>
    <test name="Default test" duration-ms="57413" started-at="2017-08-24T06:07:28Z" finished-at="2017-08-24T06:08:25Z">
      <class name="com.mop.qa.testrunner.TestRunner">
        <test-method status="PASS" signature="test()[pri:0, instance:com.mop.qa.testrunner.TestRunner@4b4523f8]" name="test" duration-ms="57399" started-at="2017-08-24T11:37:28Z" finished-at="2017-08-24T11:38:25Z">
          <reporter-output>
          </reporter-output>
        </test-method> <!-- test -->
      </class> <!-- com.mop.qa.testrunner.TestRunner -->
    </test> <!-- Default test -->
  </suite> <!-- Default suite -->
</testng-results>
